{"/home/matt/Projects/setgame/app/resources/js/app.js":{"path":"/home/matt/Projects/setgame/app/resources/js/app.js","s":{"1":1,"2":0,"3":0,"4":0,"5":0,"6":0,"7":0,"8":0,"9":1,"10":0,"11":0,"12":0,"13":0,"14":1,"15":0,"16":0,"17":0,"18":0,"19":0,"20":0,"21":0,"22":0,"23":0,"24":0,"25":0,"26":0,"27":0,"28":0,"29":0,"30":0},"b":{"1":[0,0],"2":[0,0],"3":[0,0],"4":[0,0]},"f":{"1":0,"2":0},"fnMap":{"1":{"name":"errorsChange","line":22,"loc":{"start":{"line":22,"column":0},"end":{"line":22,"column":24}}},"2":{"name":"clickCard","line":38,"loc":{"start":{"line":38,"column":0},"end":{"line":38,"column":26}}}},"statementMap":{"1":{"start":{"line":2,"column":0},"end":{"line":2,"column":36}},"2":{"start":{"line":3,"column":0},"end":{"line":3,"column":36}},"3":{"start":{"line":4,"column":0},"end":{"line":4,"column":38}},"4":{"start":{"line":7,"column":0},"end":{"line":7,"column":22}},"5":{"start":{"line":8,"column":0},"end":{"line":8,"column":37}},"6":{"start":{"line":9,"column":0},"end":{"line":9,"column":27}},"7":{"start":{"line":13,"column":0},"end":{"line":13,"column":20}},"8":{"start":{"line":16,"column":0},"end":{"line":16,"column":38}},"9":{"start":{"line":22,"column":0},"end":{"line":32,"column":1}},"10":{"start":{"line":24,"column":4},"end":{"line":24,"column":29}},"11":{"start":{"line":26,"column":4},"end":{"line":30,"column":5}},"12":{"start":{"line":27,"column":8},"end":{"line":27,"column":21}},"13":{"start":{"line":29,"column":8},"end":{"line":29,"column":21}},"14":{"start":{"line":38,"column":0},"end":{"line":74,"column":1}},"15":{"start":{"line":41,"column":4},"end":{"line":41,"column":27}},"16":{"start":{"line":42,"column":4},"end":{"line":42,"column":32}},"17":{"start":{"line":43,"column":4},"end":{"line":43,"column":41}},"18":{"start":{"line":44,"column":4},"end":{"line":44,"column":42}},"19":{"start":{"line":47,"column":4},"end":{"line":72,"column":5}},"20":{"start":{"line":50,"column":8},"end":{"line":50,"column":39}},"21":{"start":{"line":53,"column":8},"end":{"line":53,"column":36}},"22":{"start":{"line":56,"column":8},"end":{"line":70,"column":9}},"23":{"start":{"line":59,"column":12},"end":{"line":62,"column":13}},"24":{"start":{"line":60,"column":16},"end":{"line":60,"column":45}},"25":{"start":{"line":61,"column":16},"end":{"line":61,"column":62}},"26":{"start":{"line":64,"column":12},"end":{"line":64,"column":35}},"27":{"start":{"line":65,"column":12},"end":{"line":65,"column":26}},"28":{"start":{"line":66,"column":12},"end":{"line":66,"column":27}},"29":{"start":{"line":69,"column":12},"end":{"line":69,"column":42}},"30":{"start":{"line":77,"column":0},"end":{"line":77,"column":38}}},"branchMap":{"1":{"line":26,"type":"if","locations":[{"start":{"line":26,"column":4},"end":{"line":26,"column":4}},{"start":{"line":26,"column":4},"end":{"line":26,"column":4}}]},"2":{"line":47,"type":"if","locations":[{"start":{"line":47,"column":4},"end":{"line":47,"column":4}},{"start":{"line":47,"column":4},"end":{"line":47,"column":4}}]},"3":{"line":56,"type":"if","locations":[{"start":{"line":56,"column":8},"end":{"line":56,"column":8}},{"start":{"line":56,"column":8},"end":{"line":56,"column":8}}]},"4":{"line":59,"type":"if","locations":[{"start":{"line":59,"column":12},"end":{"line":59,"column":12}},{"start":{"line":59,"column":12},"end":{"line":59,"column":12}}]}}},"/home/matt/Projects/setgame/app/resources/js/models/deck.js":{"path":"/home/matt/Projects/setgame/app/resources/js/models/deck.js","s":{"1":1,"2":1,"3":1,"4":1,"5":1,"6":1,"7":0,"8":1,"9":0,"10":1,"11":0,"12":0,"13":0,"14":1,"15":0,"16":1,"17":0,"18":0,"19":0,"20":0},"b":{},"f":{"1":0,"2":0,"3":0,"4":0,"5":0},"fnMap":{"1":{"name":"(anonymous_1)","line":11,"loc":{"start":{"line":11,"column":12},"end":{"line":11,"column":24}}},"2":{"name":"returnRandom","line":20,"loc":{"start":{"line":20,"column":4},"end":{"line":20,"column":33}}},"3":{"name":"initialiseDeck","line":30,"loc":{"start":{"line":30,"column":4},"end":{"line":30,"column":43}}},"4":{"name":"returnCollection","line":47,"loc":{"start":{"line":47,"column":4},"end":{"line":47,"column":32}}},"5":{"name":"render","line":58,"loc":{"start":{"line":58,"column":4},"end":{"line":58,"column":40}}}},"statementMap":{"1":{"start":{"line":2,"column":0},"end":{"line":2,"column":29}},"2":{"start":{"line":5,"column":0},"end":{"line":5,"column":41}},"3":{"start":{"line":6,"column":0},"end":{"line":6,"column":41}},"4":{"start":{"line":7,"column":0},"end":{"line":7,"column":39}},"5":{"start":{"line":8,"column":0},"end":{"line":8,"column":39}},"6":{"start":{"line":11,"column":0},"end":{"line":74,"column":6}},"7":{"start":{"line":13,"column":4},"end":{"line":13,"column":24}},"8":{"start":{"line":20,"column":4},"end":{"line":24,"column":5}},"9":{"start":{"line":22,"column":8},"end":{"line":22,"column":34}},"10":{"start":{"line":30,"column":4},"end":{"line":45,"column":5}},"11":{"start":{"line":32,"column":8},"end":{"line":32,"column":24}},"12":{"start":{"line":34,"column":8},"end":{"line":43,"column":9}},"13":{"start":{"line":36,"column":12},"end":{"line":41,"column":15}},"14":{"start":{"line":47,"column":4},"end":{"line":51,"column":5}},"15":{"start":{"line":49,"column":8},"end":{"line":49,"column":26}},"16":{"start":{"line":58,"column":4},"end":{"line":66,"column":5}},"17":{"start":{"line":60,"column":8},"end":{"line":64,"column":9}},"18":{"start":{"line":62,"column":12},"end":{"line":62,"column":62}},"19":{"start":{"line":68,"column":4},"end":{"line":72,"column":5}},"20":{"start":{"line":77,"column":0},"end":{"line":77,"column":22}}},"branchMap":{}},"/home/matt/Projects/setgame/app/resources/js/models/card.js":{"path":"/home/matt/Projects/setgame/app/resources/js/models/card.js","s":{"1":1,"2":1,"3":0,"4":0,"5":0,"6":1},"b":{},"f":{"1":0,"2":0},"fnMap":{"1":{"name":"(anonymous_1)","line":1,"loc":{"start":{"line":1,"column":11},"end":{"line":1,"column":50}}},"2":{"name":"render","line":10,"loc":{"start":{"line":10,"column":4},"end":{"line":10,"column":47}}}},"statementMap":{"1":{"start":{"line":1,"column":0},"end":{"line":24,"column":2}},"2":{"start":{"line":10,"column":4},"end":{"line":15,"column":5}},"3":{"start":{"line":12,"column":8},"end":{"line":12,"column":52}},"4":{"start":{"line":13,"column":8},"end":{"line":13,"column":64}},"5":{"start":{"line":17,"column":4},"end":{"line":23,"column":5}},"6":{"start":{"line":26,"column":0},"end":{"line":26,"column":22}}},"branchMap":{}},"/home/matt/Projects/setgame/app/resources/js/arrays/number.js":{"path":"/home/matt/Projects/setgame/app/resources/js/arrays/number.js","s":{"1":1,"2":1},"b":{},"f":{},"fnMap":{},"statementMap":{"1":{"start":{"line":2,"column":0},"end":{"line":6,"column":2}},"2":{"start":{"line":8,"column":0},"end":{"line":8,"column":25}}},"branchMap":{}},"/home/matt/Projects/setgame/app/resources/js/arrays/colour.js":{"path":"/home/matt/Projects/setgame/app/resources/js/arrays/colour.js","s":{"1":1,"2":1},"b":{},"f":{},"fnMap":{},"statementMap":{"1":{"start":{"line":2,"column":0},"end":{"line":6,"column":2}},"2":{"start":{"line":8,"column":0},"end":{"line":8,"column":24}}},"branchMap":{}},"/home/matt/Projects/setgame/app/resources/js/arrays/style.js":{"path":"/home/matt/Projects/setgame/app/resources/js/arrays/style.js","s":{"1":1,"2":1},"b":{},"f":{},"fnMap":{},"statementMap":{"1":{"start":{"line":2,"column":0},"end":{"line":5,"column":2}},"2":{"start":{"line":7,"column":0},"end":{"line":7,"column":23}}},"branchMap":{}},"/home/matt/Projects/setgame/app/resources/js/arrays/shape.js":{"path":"/home/matt/Projects/setgame/app/resources/js/arrays/shape.js","s":{"1":1,"2":1},"b":{},"f":{},"fnMap":{},"statementMap":{"1":{"start":{"line":2,"column":0},"end":{"line":7,"column":2}},"2":{"start":{"line":9,"column":0},"end":{"line":9,"column":23}}},"branchMap":{}}}